<?xml version="1.0" encoding="UTF-8"?>
<!-- Generated by org.testng.reporters.JUnitReportReporter -->
<testsuite hostname="mindc1d206" failures="0" tests="1" name="com.mindtree.testcases.TestCase3" time="11.326" errors="0" timestamp="2022-05-18T07:02:12 IST" skipped="0">
  <testcase classname="com.mindtree.testcases.TestCase3" name="cart" time="11.326"/>
  <system-out/>
</testsuite> <!-- com.mindtree.testcases.TestCase3 -->
