<?xml version="1.0" encoding="UTF-8"?>
<!-- Generated by org.testng.reporters.JUnitReportReporter -->
<testsuite hostname="mindc1d206" failures="0" tests="1" name="com.mindtree.testcases.TestCase7" time="8.631" errors="0" timestamp="2022-05-18T14:22:30 IST" skipped="0">
  <testcase classname="com.mindtree.testcases.TestCase7" name="giftcards" time="8.631"/>
  <system-out/>
</testsuite> <!-- com.mindtree.testcases.TestCase7 -->
